
*** Running vivado
    with args -log keyboard_top.vds -m64 -product Vivado -mode batch -messageDb vivado.pb -notrace -source keyboard_top.tcl



****** Vivado v2022.1 (64-bit)
  **** SW Build 3526262 on Mon Apr 18 15:48:16 MDT 2022
  **** IP Build 3524634 on Mon Apr 18 20:55:01 MDT 2022
    ** Copyright 1986-2022 Xilinx, Inc. All Rights Reserved.

source keyboard_top.tcl -notrace
Command: read_checkpoint -auto_incremental -incremental C:/study/vlsi/try1/EITF35/lab2/LAB2.srcs/utils_1/imports/synth_1/keyboard_top.dcp
INFO: [Vivado 12-5825] Read reference checkpoint from C:/study/vlsi/try1/EITF35/lab2/LAB2.srcs/utils_1/imports/synth_1/keyboard_top.dcp for incremental synthesis
INFO: [Vivado 12-7989] Please ensure there are no constraint changes
Command: synth_design -top keyboard_top -part xc7a100tcsg324-1
Starting synth_design
Attempting to get a license for feature 'Synthesis' and/or device 'xc7a100t'
INFO: [Common 17-349] Got license for feature 'Synthesis' and/or device 'xc7a100t'
INFO: [Device 21-403] Loading part xc7a100tcsg324-1
INFO: [Designutils 20-5440] No compile time benefit to using incremental synthesis; A full resynthesis will be run
INFO: [Designutils 20-4379] Flow is switching to default flow due to incremental criteria not met. If you would like to alter this behaviour and have the flow terminate instead, please set the following parameter config_implementation {autoIncr.Synth.RejectBehavior Terminate}
INFO: [Synth 8-7079] Multithreading enabled for synth_design using a maximum of 2 processes.
INFO: [Synth 8-7078] Launching helper process for spawning children vivado processes
INFO: [Synth 8-7075] Helper process launched with PID 6184
---------------------------------------------------------------------------------
Starting RTL Elaboration : Time (s): cpu = 00:00:04 ; elapsed = 00:00:04 . Memory (MB): peak = 1295.223 ; gain = 0.000
---------------------------------------------------------------------------------
INFO: [Synth 8-638] synthesizing module 'keyboard_top' [C:/study/vlsi/try1/EITF35/lab2/LAB2.srcs/sources_1/new/keyboard_top.vhd:34]
INFO: [Synth 8-3491] module 'segment_driver' declared at 'C:/study/vlsi/try1/EITF35/lab2/LAB2.srcs/sources_1/new/segment_driver.vhd:17' bound to instance 'segment_driver_inst' of component 'segment_driver' [C:/study/vlsi/try1/EITF35/lab2/LAB2.srcs/sources_1/new/keyboard_top.vhd:163]
INFO: [Synth 8-638] synthesizing module 'segment_driver' [C:/study/vlsi/try1/EITF35/lab2/LAB2.srcs/sources_1/new/segment_driver.vhd:32]
INFO: [Synth 8-256] done synthesizing module 'segment_driver' (0#1) [C:/study/vlsi/try1/EITF35/lab2/LAB2.srcs/sources_1/new/segment_driver.vhd:32]
INFO: [Synth 8-3491] module 'sync_keyboard' declared at 'C:/study/vlsi/try1/EITF35/lab2/LAB2.srcs/sources_1/new/sync_keyboard.vhd:10' bound to instance 'sync_keyboard_inst' of component 'sync_keyboard' [C:/study/vlsi/try1/EITF35/lab2/LAB2.srcs/sources_1/new/keyboard_top.vhd:179]
INFO: [Synth 8-638] synthesizing module 'sync_keyboard' [C:/study/vlsi/try1/EITF35/lab2/LAB2.srcs/sources_1/new/sync_keyboard.vhd:22]
INFO: [Synth 8-256] done synthesizing module 'sync_keyboard' (0#1) [C:/study/vlsi/try1/EITF35/lab2/LAB2.srcs/sources_1/new/sync_keyboard.vhd:22]
INFO: [Synth 8-3491] module 'edge_detector' declared at 'C:/study/vlsi/try1/EITF35/lab2/LAB2.srcs/sources_1/new/edge_detector.vhd:17' bound to instance 'edge_detector_inst' of component 'edge_detector' [C:/study/vlsi/try1/EITF35/lab2/LAB2.srcs/sources_1/new/keyboard_top.vhd:191]
INFO: [Synth 8-638] synthesizing module 'edge_detector' [C:/study/vlsi/try1/EITF35/lab2/LAB2.srcs/sources_1/new/edge_detector.vhd:27]
INFO: [Synth 8-256] done synthesizing module 'edge_detector' (0#1) [C:/study/vlsi/try1/EITF35/lab2/LAB2.srcs/sources_1/new/edge_detector.vhd:27]
INFO: [Synth 8-3491] module 'convert_scancode' declared at 'C:/study/vlsi/try1/EITF35/lab2/LAB2.srcs/sources_1/new/convert_scancode.vhd:18' bound to instance 'convert_scancode_inst' of component 'convert_scancode' [C:/study/vlsi/try1/EITF35/lab2/LAB2.srcs/sources_1/new/keyboard_top.vhd:202]
INFO: [Synth 8-638] synthesizing module 'convert_scancode' [C:/study/vlsi/try1/EITF35/lab2/LAB2.srcs/sources_1/new/convert_scancode.vhd:30]
INFO: [Synth 8-256] done synthesizing module 'convert_scancode' (0#1) [C:/study/vlsi/try1/EITF35/lab2/LAB2.srcs/sources_1/new/convert_scancode.vhd:30]
INFO: [Synth 8-3491] module 'keyboard_ctrl' declared at 'C:/study/vlsi/try1/EITF35/lab2/LAB2.srcs/sources_1/new/keyboard_ctrl.vhd:16' bound to instance 'keyboard_ctrl_inst' of component 'keyboard_ctrl' [C:/study/vlsi/try1/EITF35/lab2/LAB2.srcs/sources_1/new/keyboard_top.vhd:218]
INFO: [Synth 8-638] synthesizing module 'keyboard_ctrl' [C:/study/vlsi/try1/EITF35/lab2/LAB2.srcs/sources_1/new/keyboard_ctrl.vhd:30]
WARNING: [Synth 8-614] signal 'current_state' is read in the process but is not in the sensitivity list [C:/study/vlsi/try1/EITF35/lab2/LAB2.srcs/sources_1/new/keyboard_ctrl.vhd:94]
INFO: [Synth 8-256] done synthesizing module 'keyboard_ctrl' (0#1) [C:/study/vlsi/try1/EITF35/lab2/LAB2.srcs/sources_1/new/keyboard_ctrl.vhd:30]
INFO: [Synth 8-3491] module 'ps2_decode' declared at 'C:/study/vlsi/try1/EITF35/lab2/LAB2.srcs/sources_1/new/ps2_decode.vhd:35' bound to instance 'ps2_decode_0' of component 'ps2_decode' [C:/study/vlsi/try1/EITF35/lab2/LAB2.srcs/sources_1/new/keyboard_top.vhd:231]
INFO: [Synth 8-638] synthesizing module 'ps2_decode' [C:/study/vlsi/try1/EITF35/lab2/LAB2.srcs/sources_1/new/ps2_decode.vhd:45]
INFO: [Synth 8-256] done synthesizing module 'ps2_decode' (0#1) [C:/study/vlsi/try1/EITF35/lab2/LAB2.srcs/sources_1/new/ps2_decode.vhd:45]
INFO: [Synth 8-3491] module 'ps2_decode' declared at 'C:/study/vlsi/try1/EITF35/lab2/LAB2.srcs/sources_1/new/ps2_decode.vhd:35' bound to instance 'ps2_decode_1' of component 'ps2_decode' [C:/study/vlsi/try1/EITF35/lab2/LAB2.srcs/sources_1/new/keyboard_top.vhd:239]
INFO: [Synth 8-3491] module 'ps2_decode' declared at 'C:/study/vlsi/try1/EITF35/lab2/LAB2.srcs/sources_1/new/ps2_decode.vhd:35' bound to instance 'ps2_decode_2' of component 'ps2_decode' [C:/study/vlsi/try1/EITF35/lab2/LAB2.srcs/sources_1/new/keyboard_top.vhd:247]
INFO: [Synth 8-3491] module 'ps2_decode' declared at 'C:/study/vlsi/try1/EITF35/lab2/LAB2.srcs/sources_1/new/ps2_decode.vhd:35' bound to instance 'ps2_decode_3' of component 'ps2_decode' [C:/study/vlsi/try1/EITF35/lab2/LAB2.srcs/sources_1/new/keyboard_top.vhd:256]
INFO: [Synth 8-256] done synthesizing module 'keyboard_top' (0#1) [C:/study/vlsi/try1/EITF35/lab2/LAB2.srcs/sources_1/new/keyboard_top.vhd:34]
WARNING: [Synth 8-7129] Port clk in module ps2_decode is either unconnected or has no load
WARNING: [Synth 8-7129] Port rst_n in module ps2_decode is either unconnected or has no load
---------------------------------------------------------------------------------
Finished RTL Elaboration : Time (s): cpu = 00:00:05 ; elapsed = 00:00:06 . Memory (MB): peak = 1295.223 ; gain = 0.000
---------------------------------------------------------------------------------
---------------------------------------------------------------------------------
Start Handling Custom Attributes
---------------------------------------------------------------------------------
---------------------------------------------------------------------------------
Finished Handling Custom Attributes : Time (s): cpu = 00:00:05 ; elapsed = 00:00:06 . Memory (MB): peak = 1295.223 ; gain = 0.000
---------------------------------------------------------------------------------
---------------------------------------------------------------------------------
Finished RTL Optimization Phase 1 : Time (s): cpu = 00:00:05 ; elapsed = 00:00:06 . Memory (MB): peak = 1295.223 ; gain = 0.000
---------------------------------------------------------------------------------
Netlist sorting complete. Time (s): cpu = 00:00:01 ; elapsed = 00:00:00.001 . Memory (MB): peak = 1295.223 ; gain = 0.000
INFO: [Project 1-570] Preparing netlist for logic optimization

Processing XDC Constraints
Initializing timing engine
Parsing XDC File [C:/study/vlsi/try1/EITF35/lab2/LAB2.srcs/constrs_1/new/keyboard_top.xdc]
Finished Parsing XDC File [C:/study/vlsi/try1/EITF35/lab2/LAB2.srcs/constrs_1/new/keyboard_top.xdc]
INFO: [Project 1-236] Implementation specific constraints were found while reading constraint file [C:/study/vlsi/try1/EITF35/lab2/LAB2.srcs/constrs_1/new/keyboard_top.xdc]. These constraints will be ignored for synthesis but will be used in implementation. Impacted constraints are listed in the file [.Xil/keyboard_top_propImpl.xdc].
Resolution: To avoid this warning, move constraints listed in [.Xil/keyboard_top_propImpl.xdc] to another XDC file and exclude this new file from synthesis with the used_in_synthesis property (File Properties dialog in GUI) and re-run elaboration/synthesis.
Completed Processing XDC Constraints

Netlist sorting complete. Time (s): cpu = 00:00:00 ; elapsed = 00:00:00 . Memory (MB): peak = 1327.465 ; gain = 0.000
INFO: [Project 1-111] Unisim Transformation Summary:
No Unisim elements were transformed.

Constraint Validation Runtime : Time (s): cpu = 00:00:00 ; elapsed = 00:00:00.002 . Memory (MB): peak = 1327.465 ; gain = 0.000
INFO: [Designutils 20-5440] No compile time benefit to using incremental synthesis; A full resynthesis will be run
INFO: [Designutils 20-4379] Flow is switching to default flow due to incremental criteria not met. If you would like to alter this behaviour and have the flow terminate instead, please set the following parameter config_implementation {autoIncr.Synth.RejectBehavior Terminate}
---------------------------------------------------------------------------------
Finished Constraint Validation : Time (s): cpu = 00:00:11 ; elapsed = 00:00:12 . Memory (MB): peak = 1327.465 ; gain = 32.242
---------------------------------------------------------------------------------
---------------------------------------------------------------------------------
Start Loading Part and Timing Information
---------------------------------------------------------------------------------
Loading part: xc7a100tcsg324-1
---------------------------------------------------------------------------------
Finished Loading Part and Timing Information : Time (s): cpu = 00:00:11 ; elapsed = 00:00:12 . Memory (MB): peak = 1327.465 ; gain = 32.242
---------------------------------------------------------------------------------
---------------------------------------------------------------------------------
Start Applying 'set_property' XDC Constraints
---------------------------------------------------------------------------------
---------------------------------------------------------------------------------
Finished applying 'set_property' XDC Constraints : Time (s): cpu = 00:00:11 ; elapsed = 00:00:12 . Memory (MB): peak = 1327.465 ; gain = 32.242
---------------------------------------------------------------------------------
INFO: [Synth 8-802] inferred FSM for state register 'current_state_reg' in module 'segment_driver'
WARNING: [Synth 8-327] inferring latch for variable 'value_out_reg' [C:/study/vlsi/try1/EITF35/lab2/LAB2.srcs/sources_1/new/segment_driver.vhd:86]
---------------------------------------------------------------------------------------------------
                   State |                     New Encoding |                Previous Encoding 
---------------------------------------------------------------------------------------------------
                     s_0 |                               00 |                               00
                     s_1 |                               01 |                               01
                     s_2 |                               10 |                               10
                     s_3 |                               11 |                               11
---------------------------------------------------------------------------------------------------
INFO: [Synth 8-3354] encoded FSM with state register 'current_state_reg' using encoding 'sequential' in module 'segment_driver'
WARNING: [Synth 8-327] inferring latch for variable 'seg_en_reg' [C:/study/vlsi/try1/EITF35/lab2/LAB2.srcs/sources_1/new/segment_driver.vhd:87]
---------------------------------------------------------------------------------
Finished RTL Optimization Phase 2 : Time (s): cpu = 00:00:11 ; elapsed = 00:00:12 . Memory (MB): peak = 1327.465 ; gain = 32.242
---------------------------------------------------------------------------------
---------------------------------------------------------------------------------
Start RTL Component Statistics 
---------------------------------------------------------------------------------
Detailed RTL Component Info : 
+---Adders : 
	   2 Input    4 Bit       Adders := 1     
+---Registers : 
	               11 Bit    Registers := 1     
	                8 Bit    Registers := 4     
	                4 Bit    Registers := 1     
	                1 Bit    Registers := 8     
+---Muxes : 
	   4 Input    4 Bit        Muxes := 2     
	   2 Input    4 Bit        Muxes := 5     
	  12 Input    4 Bit        Muxes := 4     
	   4 Input    2 Bit        Muxes := 1     
	   2 Input    1 Bit        Muxes := 4     
---------------------------------------------------------------------------------
Finished RTL Component Statistics 
---------------------------------------------------------------------------------
---------------------------------------------------------------------------------
Start Part Resource Summary
---------------------------------------------------------------------------------
Part Resources:
DSPs: 240 (col length:80)
BRAMs: 270 (col length: RAMB18 80 RAMB36 40)
---------------------------------------------------------------------------------
Finished Part Resource Summary
---------------------------------------------------------------------------------
---------------------------------------------------------------------------------
Start Cross Boundary and Area Optimization
---------------------------------------------------------------------------------
WARNING: [Synth 8-7080] Parallel synthesis criteria is not met
---------------------------------------------------------------------------------
Finished Cross Boundary and Area Optimization : Time (s): cpu = 00:00:13 ; elapsed = 00:00:14 . Memory (MB): peak = 1327.465 ; gain = 32.242
---------------------------------------------------------------------------------
---------------------------------------------------------------------------------
Start Applying XDC Timing Constraints
---------------------------------------------------------------------------------
---------------------------------------------------------------------------------
Finished Applying XDC Timing Constraints : Time (s): cpu = 00:00:18 ; elapsed = 00:00:18 . Memory (MB): peak = 1327.465 ; gain = 32.242
---------------------------------------------------------------------------------
---------------------------------------------------------------------------------
Start Timing Optimization
---------------------------------------------------------------------------------
---------------------------------------------------------------------------------
Finished Timing Optimization : Time (s): cpu = 00:00:18 ; elapsed = 00:00:18 . Memory (MB): peak = 1327.465 ; gain = 32.242
---------------------------------------------------------------------------------
---------------------------------------------------------------------------------
Start Technology Mapping
---------------------------------------------------------------------------------
---------------------------------------------------------------------------------
Finished Technology Mapping : Time (s): cpu = 00:00:18 ; elapsed = 00:00:18 . Memory (MB): peak = 1327.465 ; gain = 32.242
---------------------------------------------------------------------------------
---------------------------------------------------------------------------------
Start IO Insertion
---------------------------------------------------------------------------------
---------------------------------------------------------------------------------
Start Flattening Before IO Insertion
---------------------------------------------------------------------------------
---------------------------------------------------------------------------------
Finished Flattening Before IO Insertion
---------------------------------------------------------------------------------
---------------------------------------------------------------------------------
Start Final Netlist Cleanup
---------------------------------------------------------------------------------
---------------------------------------------------------------------------------
Finished Final Netlist Cleanup
---------------------------------------------------------------------------------
---------------------------------------------------------------------------------
Finished IO Insertion : Time (s): cpu = 00:00:21 ; elapsed = 00:00:22 . Memory (MB): peak = 1327.465 ; gain = 32.242
---------------------------------------------------------------------------------
---------------------------------------------------------------------------------
Start Renaming Generated Instances
---------------------------------------------------------------------------------
---------------------------------------------------------------------------------
Finished Renaming Generated Instances : Time (s): cpu = 00:00:21 ; elapsed = 00:00:22 . Memory (MB): peak = 1327.465 ; gain = 32.242
---------------------------------------------------------------------------------
---------------------------------------------------------------------------------
Start Rebuilding User Hierarchy
---------------------------------------------------------------------------------
---------------------------------------------------------------------------------
Finished Rebuilding User Hierarchy : Time (s): cpu = 00:00:21 ; elapsed = 00:00:22 . Memory (MB): peak = 1327.465 ; gain = 32.242
---------------------------------------------------------------------------------
---------------------------------------------------------------------------------
Start Renaming Generated Ports
---------------------------------------------------------------------------------
---------------------------------------------------------------------------------
Finished Renaming Generated Ports : Time (s): cpu = 00:00:21 ; elapsed = 00:00:22 . Memory (MB): peak = 1327.465 ; gain = 32.242
---------------------------------------------------------------------------------
---------------------------------------------------------------------------------
Start Handling Custom Attributes
---------------------------------------------------------------------------------
---------------------------------------------------------------------------------
Finished Handling Custom Attributes : Time (s): cpu = 00:00:21 ; elapsed = 00:00:22 . Memory (MB): peak = 1327.465 ; gain = 32.242
---------------------------------------------------------------------------------
---------------------------------------------------------------------------------
Start Renaming Generated Nets
---------------------------------------------------------------------------------
---------------------------------------------------------------------------------
Finished Renaming Generated Nets : Time (s): cpu = 00:00:21 ; elapsed = 00:00:22 . Memory (MB): peak = 1327.465 ; gain = 32.242
---------------------------------------------------------------------------------
---------------------------------------------------------------------------------
Start Writing Synthesis Report
---------------------------------------------------------------------------------

Report BlackBoxes: 
+-+--------------+----------+
| |BlackBox name |Instances |
+-+--------------+----------+
+-+--------------+----------+

Report Cell Usage: 
+------+-------+------+
|      |Cell   |Count |
+------+-------+------+
|1     |BUFG   |     1|
|2     |CARRY4 |     5|
|3     |LUT1   |     3|
|4     |LUT2   |     7|
|5     |LUT3   |    13|
|6     |LUT4   |    15|
|7     |LUT5   |     1|
|8     |LUT6   |    23|
|9     |MUXF7  |     8|
|10    |MUXF8  |     4|
|11    |FDCE   |    74|
|12    |LD     |     8|
|13    |IBUF   |     4|
|14    |OBUF   |    20|
+------+-------+------+
---------------------------------------------------------------------------------
Finished Writing Synthesis Report : Time (s): cpu = 00:00:21 ; elapsed = 00:00:22 . Memory (MB): peak = 1327.465 ; gain = 32.242
---------------------------------------------------------------------------------
Synthesis finished with 0 errors, 0 critical warnings and 3 warnings.
Synthesis Optimization Runtime : Time (s): cpu = 00:00:15 ; elapsed = 00:00:20 . Memory (MB): peak = 1327.465 ; gain = 0.000
Synthesis Optimization Complete : Time (s): cpu = 00:00:22 ; elapsed = 00:00:22 . Memory (MB): peak = 1327.465 ; gain = 32.242
INFO: [Project 1-571] Translating synthesized netlist
Netlist sorting complete. Time (s): cpu = 00:00:00 ; elapsed = 00:00:00.001 . Memory (MB): peak = 1327.465 ; gain = 0.000
INFO: [Netlist 29-17] Analyzing 25 Unisim elements for replacement
INFO: [Netlist 29-28] Unisim Transformation completed in 0 CPU seconds
INFO: [Project 1-570] Preparing netlist for logic optimization
INFO: [Opt 31-138] Pushed 0 inverter(s) to 0 load pin(s).
Netlist sorting complete. Time (s): cpu = 00:00:00 ; elapsed = 00:00:00 . Memory (MB): peak = 1327.465 ; gain = 0.000
INFO: [Project 1-111] Unisim Transformation Summary:
  A total of 8 instances were transformed.
  LD => LDCE: 8 instances

Synth Design complete, checksum: 432dec05
INFO: [Common 17-83] Releasing license: Synthesis
46 Infos, 6 Warnings, 0 Critical Warnings and 0 Errors encountered.
synth_design completed successfully
synth_design: Time (s): cpu = 00:00:24 ; elapsed = 00:00:26 . Memory (MB): peak = 1327.465 ; gain = 32.242
INFO: [Common 17-1381] The checkpoint 'C:/study/vlsi/try1/EITF35/lab2/LAB2.runs/synth_1/keyboard_top.dcp' has been generated.
INFO: [runtcl-4] Executing : report_utilization -file keyboard_top_utilization_synth.rpt -pb keyboard_top_utilization_synth.pb
INFO: [Common 17-206] Exiting Vivado at Tue Sep 27 16:43:53 2022...
